2 
3 
4 2
5 
6 3
7 
8 4
9 3
10 5
11 
12 6
13 
14 7
15 5
16 8
17 
18 9
19 
20 10
21 7
22 11
23 
24 12
25 5
26 13
27 9
28 14
29 
30 15
31 
32 16
33 11
34 17
35 7
36 18
37 
38 19
39 13
40 20
41 
42 21
43 
44 22
45 15
46 23
47 
48 24
49 7
50 25
51 17
52 26
53 
54 27
55 11
56 28
57 19
58 29
59 
60 30
61 
62 31
63 21
64 32
65 13
66 33
67 
68 34
69 23
70 35
71 
72 36
73 
74 37
75 25
76 38
77 11
78 39
79 
80 40
81 27
82 41
83 
84 42
85 17
86 43
87 29
88 44
89 
90 45
91 13
92 46
93 31
94 47
95 19
96 48
97 
98 49
99 33
100 50
