2 
3 
4 2
5 
6 3 2
7 
8 4 2
9 3
10 5 2
11 
12 6 4 3 2
13 
14 7 2
15 5 3
16 8 4 2
17 
18 9 6 3 2
19 
20 10 5 4 2
21 7 3
22 11 2
23 
24 12 8 6 4 3 2
25 5
26 13 2
27 9 3
28 14 7 4 2
29 
30 15 10 6 5 3 2
31 
32 16 8 4 2
33 11 3
34 17 2
35 7 5
36 18 12 9 6 4 3 2
37 
38 19 2
39 13 3
40 20 10 8 5 4 2
41 
42 21 14 7 6 3 2
43 
44 22 11 4 2
45 15 9 5 3
46 23 2
47 
48 24 16 12 8 6 4 3 2
49 7
50 25 10 5 2
51 17 3
52 26 13 4 2
53 
54 27 18 9 6 3 2
55 11 5
56 28 14 8 7 4 2
57 19 3
58 29 2
59 
60 30 20 15 12 10 6 5 4 3 2
61 
62 31 2
63 21 9 7 3
64 32 16 8 4 2
65 13 5
66 33 22 11 6 3 2
67 
68 34 17 4 2
69 23 3
70 35 14 10 7 5 2
71 
72 36 24 18 12 9 8 6 4 3 2
73 
74 37 2
75 25 15 5 3
76 38 19 4 2
77 11 7
78 39 26 13 6 3 2
79 
80 40 20 16 10 8 5 4 2
81 27 9 3
82 41 2
83 
84 42 28 21 14 12 7 6 4 3 2
85 17 5
86 43 2
87 29 3
88 44 22 11 8 4 2
89 
90 45 30 18 15 10 9 6 5 3 2
91 13 7
92 46 23 4 2
93 31 3
94 47 2
95 19 5
96 48 32 24 16 12 8 6 4 3 2
97 
98 49 14 7 2
99 33 11 9 3
100 50 25 20 10 5 4 2
